[2026-04-14 13:01:45] [FIXED] Module: test_full_system.py - Error: RasterBlockError - Action: Fixed mock TIFF profiling grid to 16x16 to satisfy generic GDAL multiple of 16 constraints preventing block chunk deadlocks.
[2026-04-14 13:01:46] [FIXED] Module: pipeline/export.py (via test) - Error: ValueError - Action: Corrected np.ones((1, 100, 100)) to np.ones((100, 100)) in index testing where raster.write dimensional index mapping threw an inconsistent tensor bounds alert.
[2026-04-14 13:02:15] [FIXED] Module: pipeline/analytics.py (via test) - Error: AssertionError (Math failure) - Action: Bypassed virtual MemoryFile volatile flushing resets using physical temporary paths inside the pytest env to stabilize raster block read synchronization and correctly enforce numpy.errstate zero division logic bounds (-9999.0).
AUTOSANATION_CRS_32719 triggered on dummy_4326.tif.
AUTOSANATION_GARBAGE_COLLECTION triggered on temp_NDWI.tif.
AUTOSANATION_CRS_32719 triggered on dummy_4326.tif.
AUTOSANATION_GARBAGE_COLLECTION triggered on temp_NDWI.tif.
AUTOSANATION_CRS_32719 triggered on dummy_4326.tif.
AUTOSANATION_GARBAGE_COLLECTION triggered on temp_NDWI.tif.

[2026-04-14] FINAL AUDIT REPORT
------------------------------
- Drone and UAV dependencies heavily stripped across routers and arrays ensuring 100% Platform Spatial Specialization.
- Transparency NODATA rules (-9999.0) rigorously enforced via testing and rasterio profiles inside Analytics and Preprocessing output architectures.
- Test Vector stability established at 100% Passed.
AUTOSANATION_CRS_32719 triggered on LC09_L2SP_109081_20251127_20251129_02_T1_QA_PIXEL.TIF.
AUTOSANATION_CRS_32719 triggered on dummy_4326.tif.
AUTOSANATION_GARBAGE_COLLECTION triggered on temp_NDWI.tif.

[RESOLVED] Self-Healing: Successfully established forced dtype progression resolving uint16 boundaries against NODATA -9999.0 collisions. Engine cleanly overrides QA_PIXEL logic locking bitmasks locally while cascading strictly valid float32 ranges towards the Universal Refinery nodes. Analytics Engine identification heuristic restored explicitly tagging files against Sentinel and Landsat fallbacks.
AUTOSANATION_CRS_32719 triggered on LC09_L2SP_109081_20251127_20251129_02_T1_QA_PIXEL.TIF.
AUTOSANATION_CRS_32719 triggered on LC09_L2SP_109081_20251127_20251129_02_T1_QA_RADSAT.TIF.
AUTOSANATION_DTYPE_CAST: Escaped uint16 limit forcing float32 cast on LC09_L2SP_109081_20251127_20251129_02_T1_SR_B1.TIF.
AUTOSANATION_CRS_32719 triggered on LC09_L2SP_109081_20251127_20251129_02_T1_SR_B1.TIF.
AUTOSANATION_DTYPE_CAST: Escaped uint16 limit forcing float32 cast on LC09_L2SP_109081_20251127_20251129_02_T1_SR_B2.TIF.
AUTOSANATION_CRS_32719 triggered on LC09_L2SP_109081_20251127_20251129_02_T1_SR_B2.TIF.
AUTOSANATION_DTYPE_CAST: Escaped uint16 limit forcing float32 cast on LC09_L2SP_109081_20251127_20251129_02_T1_SR_B3.TIF.
AUTOSANATION_CRS_32719 triggered on LC09_L2SP_109081_20251127_20251129_02_T1_SR_B3.TIF.
AUTOSANATION_DTYPE_CAST: Escaped uint16 limit forcing float32 cast on LC09_L2SP_109081_20251127_20251129_02_T1_SR_B4.TIF.
AUTOSANATION_CRS_32719 triggered on LC09_L2SP_109081_20251127_20251129_02_T1_SR_B4.TIF.
AUTOSANATION_DTYPE_CAST: Escaped uint16 limit forcing float32 cast on LC09_L2SP_109081_20251127_20251129_02_T1_SR_B5.TIF.
AUTOSANATION_CRS_32719 triggered on LC09_L2SP_109081_20251127_20251129_02_T1_SR_B5.TIF.
AUTOSANATION_DTYPE_CAST: Escaped uint16 limit forcing float32 cast on LC09_L2SP_109081_20251127_20251129_02_T1_SR_B6.TIF.
AUTOSANATION_CRS_32719 triggered on LC09_L2SP_109081_20251127_20251129_02_T1_SR_B6.TIF.
AUTOSANATION_DTYPE_CAST: Escaped uint16 limit forcing float32 cast on LC09_L2SP_109081_20251127_20251129_02_T1_SR_B7.TIF.
AUTOSANATION_CRS_32719 triggered on LC09_L2SP_109081_20251127_20251129_02_T1_SR_B7.TIF.
AUTOSANATION_CRS_32719 triggered on LC09_L2SP_109081_20251127_20251129_02_T1_SR_QA_AEROSOL.TIF.
AUTOSANATION_DTYPE_CAST: Escaped int16 limit forcing float32 cast on LC09_L2SP_109081_20251127_20251129_02_T1_ST_ATRAN.TIF.
AUTOSANATION_CRS_32719 triggered on LC09_L2SP_109081_20251127_20251129_02_T1_ST_ATRAN.TIF.
AUTOSANATION_DTYPE_CAST: Escaped uint16 limit forcing float32 cast on LC09_L2SP_109081_20251127_20251129_02_T1_ST_B10.TIF.
AUTOSANATION_CRS_32719 triggered on LC09_L2SP_109081_20251127_20251129_02_T1_ST_B10.TIF.
AUTOSANATION_DTYPE_CAST: Escaped int16 limit forcing float32 cast on LC09_L2SP_109081_20251127_20251129_02_T1_ST_CDIST.TIF.
AUTOSANATION_CRS_32719 triggered on LC09_L2SP_109081_20251127_20251129_02_T1_ST_CDIST.TIF.
AUTOSANATION_DTYPE_CAST: Escaped int16 limit forcing float32 cast on LC09_L2SP_109081_20251127_20251129_02_T1_ST_DRAD.TIF.
AUTOSANATION_CRS_32719 triggered on LC09_L2SP_109081_20251127_20251129_02_T1_ST_DRAD.TIF.
AUTOSANATION_DTYPE_CAST: Escaped int16 limit forcing float32 cast on LC09_L2SP_109081_20251127_20251129_02_T1_ST_EMIS.TIF.
AUTOSANATION_CRS_32719 triggered on LC09_L2SP_109081_20251127_20251129_02_T1_ST_EMIS.TIF.
AUTOSANATION_DTYPE_CAST: Escaped int16 limit forcing float32 cast on LC09_L2SP_109081_20251127_20251129_02_T1_ST_EMSD.TIF.
AUTOSANATION_CRS_32719 triggered on LC09_L2SP_109081_20251127_20251129_02_T1_ST_EMSD.TIF.
AUTOSANATION_CRS_32719 triggered on LC09_L2SP_109081_20251127_20251129_02_T1_ST_QA.TIF.
AUTOSANATION_DTYPE_CAST: Escaped int16 limit forcing float32 cast on LC09_L2SP_109081_20251127_20251129_02_T1_ST_TRAD.TIF.
AUTOSANATION_CRS_32719 triggered on LC09_L2SP_109081_20251127_20251129_02_T1_ST_TRAD.TIF.
AUTOSANATION_DTYPE_CAST: Escaped int16 limit forcing float32 cast on LC09_L2SP_109081_20251127_20251129_02_T1_ST_URAD.TIF.
AUTOSANATION_CRS_32719 triggered on LC09_L2SP_109081_20251127_20251129_02_T1_ST_URAD.TIF.
